# JRE version: Java(TM) SE Runtime Environment (8.0_151-b12) (build 1.8.0_151-b12)
# Java VM: Java HotSpot(TM) 64-Bit Server VM (25.151-b12 mixed mode windows-amd64 compressed oops)
Heap:
 PSYoungGen      total 94720K, used 75710K [0x00000000eab00000, 0x00000000f2900000, 0x0000000100000000)
  eden space 82944K, 77% used [0x00000000eab00000,0x00000000ee977868,0x00000000efc00000)
  from space 11776K, 99% used [0x00000000efc00000,0x00000000f0778028,0x00000000f0780000)
  to   space 14848K, 0% used [0x00000000f1a80000,0x00000000f1a80000,0x00000000f2900000)
 ParOldGen       total 109056K, used 22499K [0x00000000c0000000, 0x00000000c6a80000, 0x00000000eab00000)
  object space 109056K, 20% used [0x00000000c0000000,0x00000000c15f8e98,0x00000000c6a80000)
 Metaspace       used 49674K, capacity 51138K, committed 51200K, reserved 1093632K
  class space    used 6743K, capacity 7120K, committed 7168K, reserved 1048576K
GC Heap History (10 events):
Event: 15.793 GC heap before
{Heap before GC invocations=11 (full 2):
 PSYoungGen      total 66048K, used 11252K [0x00000000eab00000, 0x00000000f0680000, 0x0000000100000000)
  eden space 54784K, 0% used [0x00000000eab00000,0x00000000eab00000,0x00000000ee080000)
  from space 11264K, 99% used [0x00000000ee080000,0x00000000eeb7d3c0,0x00000000eeb80000)
  to   space 12288K, 0% used [0x00000000efa80000,0x00000000efa80000,0x00000000f0680000)
 ParOldGen       total 72192K, used 11454K [0x00000000c0000000, 0x00000000c4680000, 0x00000000eab00000)
  object space 72192K, 15% used [0x00000000c0000000,0x00000000c0b2f980,0x00000000c4680000)
 Metaspace       used 34807K, capacity 35306K, committed 35496K, reserved 1079296K
  class space    used 4716K, capacity 4840K, committed 4864K, reserved 1048576K
Event: 15.929 GC heap after
Heap after GC invocations=11 (full 2):
 PSYoungGen      total 66048K, used 0K [0x00000000eab00000, 0x00000000f0680000, 0x0000000100000000)
  eden space 54784K, 0% used [0x00000000eab00000,0x00000000eab00000,0x00000000ee080000)
  from space 11264K, 0% used [0x00000000ee080000,0x00000000ee080000,0x00000000eeb80000)
  to   space 12288K, 0% used [0x00000000efa80000,0x00000000efa80000,0x00000000f0680000)
 ParOldGen       total 109056K, used 18362K [0x00000000c0000000, 0x00000000c6a80000, 0x00000000eab00000)
  object space 109056K, 16% used [0x00000000c0000000,0x00000000c11eea98,0x00000000c6a80000)
 Metaspace       used 34807K, capacity 35306K, committed 35496K, reserved 1079296K
  class space    used 4716K, capacity 4840K, committed 4864K, reserved 1048576K
}
Event: 18.102 GC heap before
{Heap before GC invocations=12 (full 2):
 PSYoungGen      total 66048K, used 54784K [0x00000000eab00000, 0x00000000f0680000, 0x0000000100000000)
  eden space 54784K, 100% used [0x00000000eab00000,0x00000000ee080000,0x00000000ee080000)
  from space 11264K, 0% used [0x00000000ee080000,0x00000000ee080000,0x00000000eeb80000)
  to   space 12288K, 0% used [0x00000000efa80000,0x00000000efa80000,0x00000000f0680000)
 ParOldGen       total 109056K, used 18362K [0x00000000c0000000, 0x00000000c6a80000, 0x00000000eab00000)
  object space 109056K, 16% used [0x00000000c0000000,0x00000000c11eea98,0x00000000c6a80000)
 Metaspace       used 40860K, capacity 41608K, committed 41984K, reserved 1085440K
  class space    used 5542K, capacity 5780K, committed 5888K, reserved 1048576K
Event: 18.112 GC heap after
Heap after GC invocations=12 (full 2):
 PSYoungGen      total 80384K, used 5143K [0x00000000eab00000, 0x00000000f0600000, 0x0000000100000000)
  eden space 68608K, 0% used [0x00000000eab00000,0x00000000eab00000,0x00000000eee00000)
  from space 11776K, 43% used [0x00000000efa80000,0x00000000eff85e40,0x00000000f0600000)
  to   space 12288K, 0% used [0x00000000eee00000,0x00000000eee00000,0x00000000efa00000)
 ParOldGen       total 109056K, used 18370K [0x00000000c0000000, 0x00000000c6a80000, 0x00000000eab00000)
  object space 109056K, 16% used [0x00000000c0000000,0x00000000c11f0a98,0x00000000c6a80000)
 Metaspace       used 40860K, capacity 41608K, committed 41984K, reserved 1085440K
  class space    used 5542K, capacity 5780K, committed 5888K, reserved 1048576K
}
Event: 19.824 GC heap before
{Heap before GC invocations=13 (full 2):
 PSYoungGen      total 80384K, used 73751K [0x00000000eab00000, 0x00000000f0600000, 0x0000000100000000)
  eden space 68608K, 100% used [0x00000000eab00000,0x00000000eee00000,0x00000000eee00000)
  from space 11776K, 43% used [0x00000000efa80000,0x00000000eff85e40,0x00000000f0600000)
  to   space 12288K, 0% used [0x00000000eee00000,0x00000000eee00000,0x00000000efa00000)
 ParOldGen       total 109056K, used 18370K [0x00000000c0000000, 0x00000000c6a80000, 0x00000000eab00000)
  object space 109056K, 16% used [0x00000000c0000000,0x00000000c11f0a98,0x00000000c6a80000)
 Metaspace       used 42569K, capacity 43254K, committed 43392K, reserved 1087488K
  class space    used 5760K, capacity 5987K, committed 6016K, reserved 1048576K
Event: 19.833 GC heap after
Heap after GC invocations=13 (full 2):
 PSYoungGen      total 80896K, used 6527K [0x00000000eab00000, 0x00000000f1400000, 0x0000000100000000)
  eden space 68608K, 0% used [0x00000000eab00000,0x00000000eab00000,0x00000000eee00000)
  from space 12288K, 53% used [0x00000000eee00000,0x00000000ef45fcd8,0x00000000efa00000)
  to   space 11776K, 0% used [0x00000000f0880000,0x00000000f0880000,0x00000000f1400000)
 ParOldGen       total 109056K, used 18442K [0x00000000c0000000, 0x00000000c6a80000, 0x00000000eab00000)
  object space 109056K, 16% used [0x00000000c0000000,0x00000000c1202aa8,0x00000000c6a80000)
 Metaspace       used 42569K, capacity 43254K, committed 43392K, reserved 1087488K
  class space    used 5760K, capacity 5987K, committed 6016K, reserved 1048576K
}
Event: 22.565 GC heap before
{Heap before GC invocations=14 (full 2):
 PSYoungGen      total 80896K, used 75135K [0x00000000eab00000, 0x00000000f1400000, 0x0000000100000000)
  eden space 68608K, 100% used [0x00000000eab00000,0x00000000eee00000,0x00000000eee00000)
  from space 12288K, 53% used [0x00000000eee00000,0x00000000ef45fcd8,0x00000000efa00000)
  to   space 11776K, 0% used [0x00000000f0880000,0x00000000f0880000,0x00000000f1400000)
 ParOldGen       total 109056K, used 18442K [0x00000000c0000000, 0x00000000c6a80000, 0x00000000eab00000)
  object space 109056K, 16% used [0x00000000c0000000,0x00000000c1202aa8,0x00000000c6a80000)
 Metaspace       used 46241K, capacity 47270K, committed 47616K, reserved 1089536K
  class space    used 6283K, capacity 6547K, committed 6656K, reserved 1048576K
Event: 22.583 GC heap after
Heap after GC invocations=14 (full 2):
 PSYoungGen      total 93696K, used 8559K [0x00000000eab00000, 0x00000000f1300000, 0x0000000100000000)
  eden space 82944K, 0% used [0x00000000eab00000,0x00000000eab00000,0x00000000efc00000)
  from space 10752K, 79% used [0x00000000f0880000,0x00000000f10dbc08,0x00000000f1300000)
  to   space 11776K, 0% used [0x00000000efc00000,0x00000000efc00000,0x00000000f0780000)
 ParOldGen       total 109056K, used 18450K [0x00000000c0000000, 0x00000000c6a80000, 0x00000000eab00000)
  object space 109056K, 16% used [0x00000000c0000000,0x00000000c1204aa8,0x00000000c6a80000)
 Metaspace       used 46241K, capacity 47270K, committed 47616K, reserved 1089536K
  class space    used 6283K, capacity 6547K, committed 6656K, reserved 1048576K
}
Event: 26.448 GC heap before
{Heap before GC invocations=15 (full 2):
 PSYoungGen      total 93696K, used 91503K [0x00000000eab00000, 0x00000000f1300000, 0x0000000100000000)
  eden space 82944K, 100% used [0x00000000eab00000,0x00000000efc00000,0x00000000efc00000)
  from space 10752K, 79% used [0x00000000f0880000,0x00000000f10dbc08,0x00000000f1300000)
  to   space 11776K, 0% used [0x00000000efc00000,0x00000000efc00000,0x00000000f0780000)
 ParOldGen       total 109056K, used 18450K [0x00000000c0000000, 0x00000000c6a80000, 0x00000000eab00000)
  object space 109056K, 16% used [0x00000000c0000000,0x00000000c1204aa8,0x00000000c6a80000)
 Metaspace       used 48397K, capacity 49678K, committed 49920K, reserved 1091584K
  class space    used 6579K, capacity 6885K, committed 6912K, reserved 1048576K
Event: 26.476 GC heap after
Heap after GC invocations=15 (full 2):
 PSYoungGen      total 94720K, used 11744K [0x00000000eab00000, 0x00000000f2900000, 0x0000000100000000)
  eden space 82944K, 0% used [0x00000000eab00000,0x00000000eab00000,0x00000000efc00000)
  from space 11776K, 99% used [0x00000000efc00000,0x00000000f0778028,0x00000000f0780000)
  to   space 14848K, 0% used [0x00000000f1a80000,0x00000000f1a80000,0x00000000f2900000)
 ParOldGen       total 109056K, used 22499K [0x00000000c0000000, 0x00000000c6a80000, 0x00000000eab00000)
  object space 109056K, 20% used [0x00000000c0000000,0x00000000c15f8e98,0x00000000c6a80000)
 Metaspace       used 48397K, capacity 49678K, committed 49920K, reserved 1091584K
  class space    used 6579K, capacity 6885K, committed 6912K, reserved 1048576K
}

